2023-03-29T00:34:55.421+05:30  INFO 8004 --- [restartedMain] c.b.C.c.CurdProjectApplication           : Starting CurdProjectApplication using Java 17.0.6 with PID 8004 (D:\curdProject\target\classes started by NeoSOFT in D:\curdProject)
2023-03-29T00:34:55.453+05:30  INFO 8004 --- [restartedMain] c.b.C.c.CurdProjectApplication           : No active profile set, falling back to 1 default profile: "default"
2023-03-29T00:34:55.732+05:30  INFO 8004 --- [restartedMain] .e.DevToolsPropertyDefaultsPostProcessor : Devtools property defaults active! Set 'spring.devtools.add-properties' to 'false' to disable
2023-03-29T00:34:55.732+05:30  INFO 8004 --- [restartedMain] .e.DevToolsPropertyDefaultsPostProcessor : For additional web related logging consider setting the 'logging.level.web' property to 'DEBUG'
2023-03-29T00:34:56.719+05:30  INFO 8004 --- [restartedMain] .s.d.r.c.RepositoryConfigurationDelegate : Bootstrapping Spring Data JPA repositories in DEFAULT mode.
2023-03-29T00:34:56.798+05:30  INFO 8004 --- [restartedMain] .s.d.r.c.RepositoryConfigurationDelegate : Finished Spring Data repository scanning in 70 ms. Found 1 JPA repository interfaces.
2023-03-29T00:34:57.667+05:30  INFO 8004 --- [restartedMain] o.s.b.w.embedded.tomcat.TomcatWebServer  : Tomcat initialized with port(s): 9999 (http)
2023-03-29T00:34:57.678+05:30  INFO 8004 --- [restartedMain] o.apache.catalina.core.StandardService   : Starting service [Tomcat]
2023-03-29T00:34:57.679+05:30  INFO 8004 --- [restartedMain] o.apache.catalina.core.StandardEngine    : Starting Servlet engine: [Apache Tomcat/10.1.7]
2023-03-29T00:34:57.767+05:30  INFO 8004 --- [restartedMain] o.a.c.c.C.[Tomcat].[localhost].[/]       : Initializing Spring embedded WebApplicationContext
2023-03-29T00:34:57.767+05:30  INFO 8004 --- [restartedMain] w.s.c.ServletWebServerApplicationContext : Root WebApplicationContext: initialization completed in 2032 ms
2023-03-29T00:34:58.040+05:30  INFO 8004 --- [restartedMain] o.hibernate.jpa.internal.util.LogHelper  : HHH000204: Processing PersistenceUnitInfo [name: default]
2023-03-29T00:34:58.140+05:30  INFO 8004 --- [restartedMain] org.hibernate.Version                    : HHH000412: Hibernate ORM core version 6.1.7.Final
2023-03-29T00:34:58.477+05:30  INFO 8004 --- [restartedMain] com.zaxxer.hikari.HikariDataSource       : HikariPool-1 - Starting...
2023-03-29T00:34:58.481+05:30  WARN 8004 --- [restartedMain] c.zaxxer.hikari.util.DriverDataSource    : Registered driver with driverClassName=com.mysql.jdbc.Driver was not found, trying direct instantiation.
2023-03-29T00:34:58.925+05:30  INFO 8004 --- [restartedMain] com.zaxxer.hikari.pool.HikariPool        : HikariPool-1 - Added connection com.mysql.cj.jdbc.ConnectionImpl@3479b69b
2023-03-29T00:34:58.927+05:30  INFO 8004 --- [restartedMain] com.zaxxer.hikari.HikariDataSource       : HikariPool-1 - Start completed.
2023-03-29T00:34:59.011+05:30  INFO 8004 --- [restartedMain] SQL dialect                              : HHH000400: Using dialect: org.hibernate.dialect.MySQLDialect
2023-03-29T00:34:59.831+05:30  INFO 8004 --- [restartedMain] o.h.e.t.j.p.i.JtaPlatformInitiator       : HHH000490: Using JtaPlatform implementation: [org.hibernate.engine.transaction.jta.platform.internal.NoJtaPlatform]
2023-03-29T00:34:59.841+05:30  INFO 8004 --- [restartedMain] j.LocalContainerEntityManagerFactoryBean : Initialized JPA EntityManagerFactory for persistence unit 'default'
2023-03-29T00:35:00.499+05:30  WARN 8004 --- [restartedMain] JpaBaseConfiguration$JpaWebConfiguration : spring.jpa.open-in-view is enabled by default. Therefore, database queries may be performed during view rendering. Explicitly configure spring.jpa.open-in-view to disable this warning
2023-03-29T00:35:01.050+05:30  INFO 8004 --- [restartedMain] o.s.s.web.DefaultSecurityFilterChain     : Will secure any request with [org.springframework.security.web.session.DisableEncodeUrlFilter@748ce7bb, org.springframework.security.web.context.request.async.WebAsyncManagerIntegrationFilter@6e2f92e2, org.springframework.security.web.context.SecurityContextHolderFilter@55844ca0, org.springframework.security.web.header.HeaderWriterFilter@3e9beb2c, org.springframework.security.web.csrf.CsrfFilter@1852a45c, org.springframework.security.web.authentication.logout.LogoutFilter@5c65985c, org.springframework.security.web.authentication.UsernamePasswordAuthenticationFilter@e803cd7, org.springframework.security.web.authentication.ui.DefaultLoginPageGeneratingFilter@7ebf42c9, org.springframework.security.web.authentication.ui.DefaultLogoutPageGeneratingFilter@77058f85, org.springframework.security.web.authentication.www.BasicAuthenticationFilter@762d829a, org.springframework.security.web.savedrequest.RequestCacheAwareFilter@62312028, org.springframework.security.web.servletapi.SecurityContextHolderAwareRequestFilter@6853089c, org.springframework.security.web.authentication.AnonymousAuthenticationFilter@4a743dcb, org.springframework.security.web.access.ExceptionTranslationFilter@42311b64, org.springframework.security.web.access.intercept.AuthorizationFilter@6bde196a]
2023-03-29T00:35:01.110+05:30  INFO 8004 --- [restartedMain] o.s.b.d.a.OptionalLiveReloadServer       : LiveReload server is running on port 35729
2023-03-29T00:35:01.149+05:30  INFO 8004 --- [restartedMain] o.s.b.w.embedded.tomcat.TomcatWebServer  : Tomcat started on port(s): 9999 (http) with context path ''
2023-03-29T00:35:01.160+05:30  INFO 8004 --- [restartedMain] c.b.C.c.CurdProjectApplication           : Started CurdProjectApplication in 6.301 seconds (process running for 7.064)
2023-03-29T00:35:22.898+05:30  INFO 8004 --- [http-nio-9999-exec-1] o.a.c.c.C.[Tomcat].[localhost].[/]       : Initializing Spring DispatcherServlet 'dispatcherServlet'
2023-03-29T00:35:22.899+05:30  INFO 8004 --- [http-nio-9999-exec-1] o.s.web.servlet.DispatcherServlet        : Initializing Servlet 'dispatcherServlet'
2023-03-29T00:35:22.901+05:30  INFO 8004 --- [http-nio-9999-exec-1] o.s.web.servlet.DispatcherServlet        : Completed initialization in 2 ms
